000 (149034.000.000) 2022-08-08 15:34:57 Job submitted from host: <192.168.10.147:9618?addrs=192.168.10.147-9618&alias=schedd03.wn.iihe.ac.be&noUDP&sock=schedd_29690_72ef>
    DAG Node: 2018A
...
001 (149034.000.000) 2022-08-08 15:35:21 Job executing on host: <192.168.31.4:9618?addrs=192.168.31.4-9618&alias=node31-4.wn.iihe.ac.be&noUDP&sock=startd_2980_9c50>
...
006 (149034.000.000) 2022-08-08 15:35:29 Image size of job updated: 2523076
	1  -  MemoryUsage of job (MB)
	268  -  ResidentSetSize of job (KB)
...
006 (149034.000.000) 2022-08-08 15:40:29 Image size of job updated: 16390404
	933  -  MemoryUsage of job (MB)
	954616  -  ResidentSetSize of job (KB)
...
006 (149034.000.000) 2022-08-08 15:45:30 Image size of job updated: 29544992
	933  -  MemoryUsage of job (MB)
	954632  -  ResidentSetSize of job (KB)
...
006 (149034.000.000) 2022-08-08 15:50:31 Image size of job updated: 29544992
	2885  -  MemoryUsage of job (MB)
	2953956  -  ResidentSetSize of job (KB)
...
006 (149034.000.000) 2022-08-08 15:55:31 Image size of job updated: 29544992
	3212  -  MemoryUsage of job (MB)
	3288732  -  ResidentSetSize of job (KB)
...
006 (149034.000.000) 2022-08-08 16:00:32 Image size of job updated: 29544992
	4116  -  MemoryUsage of job (MB)
	4214416  -  ResidentSetSize of job (KB)
...
006 (149034.000.000) 2022-08-08 16:05:33 Image size of job updated: 29544992
	4928  -  MemoryUsage of job (MB)
	5045980  -  ResidentSetSize of job (KB)
...
006 (149034.000.000) 2022-08-08 16:10:33 Image size of job updated: 29544992
	5774  -  MemoryUsage of job (MB)
	5911980  -  ResidentSetSize of job (KB)
...
006 (149034.000.000) 2022-08-08 16:15:34 Image size of job updated: 29544992
	6320  -  MemoryUsage of job (MB)
	6471416  -  ResidentSetSize of job (KB)
...
006 (149034.000.000) 2022-08-08 16:20:35 Image size of job updated: 29544992
	7103  -  MemoryUsage of job (MB)
	7272924  -  ResidentSetSize of job (KB)
...
006 (149034.000.000) 2022-08-08 16:25:35 Image size of job updated: 29544992
	7740  -  MemoryUsage of job (MB)
	7925088  -  ResidentSetSize of job (KB)
...
006 (149034.000.000) 2022-08-08 16:30:36 Image size of job updated: 29544992
	8281  -  MemoryUsage of job (MB)
	8479276  -  ResidentSetSize of job (KB)
...
006 (149034.000.000) 2022-08-08 16:35:37 Image size of job updated: 29544992
	8912  -  MemoryUsage of job (MB)
	9125864  -  ResidentSetSize of job (KB)
...
006 (149034.000.000) 2022-08-08 16:40:37 Image size of job updated: 29544992
	9807  -  MemoryUsage of job (MB)
	10041688  -  ResidentSetSize of job (KB)
...
006 (149034.000.000) 2022-08-08 16:45:38 Image size of job updated: 29544992
	10386  -  MemoryUsage of job (MB)
	10635140  -  ResidentSetSize of job (KB)
...
006 (149034.000.000) 2022-08-08 16:50:39 Image size of job updated: 29544992
	10815  -  MemoryUsage of job (MB)
	11074276  -  ResidentSetSize of job (KB)
...
006 (149034.000.000) 2022-08-08 16:55:41 Image size of job updated: 29544992
	11289  -  MemoryUsage of job (MB)
	11559168  -  ResidentSetSize of job (KB)
...
006 (149034.000.000) 2022-08-08 17:00:41 Image size of job updated: 29544992
	11914  -  MemoryUsage of job (MB)
	12199012  -  ResidentSetSize of job (KB)
...
006 (149034.000.000) 2022-08-08 17:05:41 Image size of job updated: 29544992
	12659  -  MemoryUsage of job (MB)
	12961816  -  ResidentSetSize of job (KB)
...
006 (149034.000.000) 2022-08-08 17:10:42 Image size of job updated: 29544992
	13130  -  MemoryUsage of job (MB)
	13444324  -  ResidentSetSize of job (KB)
...
006 (149034.000.000) 2022-08-08 17:15:43 Image size of job updated: 29544992
	13895  -  MemoryUsage of job (MB)
	14228468  -  ResidentSetSize of job (KB)
...
006 (149034.000.000) 2022-08-08 17:20:43 Image size of job updated: 29544992
	14717  -  MemoryUsage of job (MB)
	15070172  -  ResidentSetSize of job (KB)
...
006 (149034.000.000) 2022-08-08 17:25:44 Image size of job updated: 29811164
	15412  -  MemoryUsage of job (MB)
	15780936  -  ResidentSetSize of job (KB)
...
006 (149034.000.000) 2022-08-08 17:30:45 Image size of job updated: 30579880
	16117  -  MemoryUsage of job (MB)
	16503236  -  ResidentSetSize of job (KB)
...
006 (149034.000.000) 2022-08-08 17:35:45 Image size of job updated: 31206012
	16838  -  MemoryUsage of job (MB)
	17241624  -  ResidentSetSize of job (KB)
...
006 (149034.000.000) 2022-08-08 17:40:45 Image size of job updated: 31805524
	17287  -  MemoryUsage of job (MB)
	17701184  -  ResidentSetSize of job (KB)
...
006 (149034.000.000) 2022-08-08 17:45:46 Image size of job updated: 32306772
	17827  -  MemoryUsage of job (MB)
	18254408  -  ResidentSetSize of job (KB)
...
006 (149034.000.000) 2022-08-08 17:50:46 Image size of job updated: 32737872
	18217  -  MemoryUsage of job (MB)
	18653588  -  ResidentSetSize of job (KB)
...
006 (149034.000.000) 2022-08-08 17:55:47 Image size of job updated: 33308728
	18801  -  MemoryUsage of job (MB)
	19252016  -  ResidentSetSize of job (KB)
...
006 (149034.000.000) 2022-08-08 18:00:48 Image size of job updated: 33601620
	19066  -  MemoryUsage of job (MB)
	19523520  -  ResidentSetSize of job (KB)
...
006 (149034.000.000) 2022-08-08 18:05:48 Image size of job updated: 34016016
	19544  -  MemoryUsage of job (MB)
	20012144  -  ResidentSetSize of job (KB)
...
006 (149034.000.000) 2022-08-08 18:10:49 Image size of job updated: 34574448
	20057  -  MemoryUsage of job (MB)
	20538044  -  ResidentSetSize of job (KB)
...
006 (149034.000.000) 2022-08-08 18:15:50 Image size of job updated: 35125472
	20613  -  MemoryUsage of job (MB)
	21107244  -  ResidentSetSize of job (KB)
...
006 (149034.000.000) 2022-08-08 18:20:50 Image size of job updated: 35499964
	20970  -  MemoryUsage of job (MB)
	21473224  -  ResidentSetSize of job (KB)
...
006 (149034.000.000) 2022-08-08 18:25:51 Image size of job updated: 36166072
	21495  -  MemoryUsage of job (MB)
	22009936  -  ResidentSetSize of job (KB)
...
006 (149034.000.000) 2022-08-08 18:30:51 Image size of job updated: 36604300
	21866  -  MemoryUsage of job (MB)
	22390184  -  ResidentSetSize of job (KB)
...
006 (149034.000.000) 2022-08-08 18:35:51 Image size of job updated: 37100784
	22524  -  MemoryUsage of job (MB)
	23064424  -  ResidentSetSize of job (KB)
...
006 (149034.000.000) 2022-08-08 18:40:52 Image size of job updated: 37583004
	23009  -  MemoryUsage of job (MB)
	23560724  -  ResidentSetSize of job (KB)
...
006 (149034.000.000) 2022-08-08 18:45:52 Image size of job updated: 37872944
	23306  -  MemoryUsage of job (MB)
	23864336  -  ResidentSetSize of job (KB)
...
006 (149034.000.000) 2022-08-08 18:50:52 Image size of job updated: 38556008
	23899  -  MemoryUsage of job (MB)
	24471664  -  ResidentSetSize of job (KB)
...
006 (149034.000.000) 2022-08-08 18:55:52 Image size of job updated: 38919076
	24178  -  MemoryUsage of job (MB)
	24757640  -  ResidentSetSize of job (KB)
...
006 (149034.000.000) 2022-08-08 19:00:53 Image size of job updated: 39323604
	24576  -  MemoryUsage of job (MB)
	25165796  -  ResidentSetSize of job (KB)
...
006 (149034.000.000) 2022-08-08 19:05:54 Image size of job updated: 39581736
	24820  -  MemoryUsage of job (MB)
	25415608  -  ResidentSetSize of job (KB)
...
006 (149034.000.000) 2022-08-08 19:10:55 Image size of job updated: 40006632
	25258  -  MemoryUsage of job (MB)
	25863584  -  ResidentSetSize of job (KB)
...
006 (149034.000.000) 2022-08-08 19:15:55 Image size of job updated: 40242988
	25495  -  MemoryUsage of job (MB)
	26106640  -  ResidentSetSize of job (KB)
...
006 (149034.000.000) 2022-08-08 19:21:00 Image size of job updated: 40700580
	25981  -  MemoryUsage of job (MB)
	26603716  -  ResidentSetSize of job (KB)
...
006 (149034.000.000) 2022-08-08 19:25:55 Image size of job updated: 41079340
	26291  -  MemoryUsage of job (MB)
	26921836  -  ResidentSetSize of job (KB)
...
006 (149034.000.000) 2022-08-08 19:30:56 Image size of job updated: 41451416
	26732  -  MemoryUsage of job (MB)
	27372976  -  ResidentSetSize of job (KB)
...
006 (149034.000.000) 2022-08-08 19:35:57 Image size of job updated: 41856872
	27100  -  MemoryUsage of job (MB)
	27749624  -  ResidentSetSize of job (KB)
...
006 (149034.000.000) 2022-08-08 19:40:58 Image size of job updated: 42342488
	27375  -  MemoryUsage of job (MB)
	28031276  -  ResidentSetSize of job (KB)
...
006 (149034.000.000) 2022-08-08 19:45:59 Image size of job updated: 42804124
	27766  -  MemoryUsage of job (MB)
	28432248  -  ResidentSetSize of job (KB)
...
006 (149034.000.000) 2022-08-08 19:50:59 Image size of job updated: 43366516
	28567  -  MemoryUsage of job (MB)
	29252424  -  ResidentSetSize of job (KB)
...
006 (149034.000.000) 2022-08-08 19:55:59 Image size of job updated: 43775036
	28982  -  MemoryUsage of job (MB)
	29677564  -  ResidentSetSize of job (KB)
...
006 (149034.000.000) 2022-08-08 20:01:00 Image size of job updated: 44197444
	29410  -  MemoryUsage of job (MB)
	30115108  -  ResidentSetSize of job (KB)
...
006 (149034.000.000) 2022-08-08 20:06:01 Image size of job updated: 44637608
	29807  -  MemoryUsage of job (MB)
	30521832  -  ResidentSetSize of job (KB)
...
006 (149034.000.000) 2022-08-08 20:11:01 Image size of job updated: 45187388
	30373  -  MemoryUsage of job (MB)
	31101516  -  ResidentSetSize of job (KB)
...
006 (149034.000.000) 2022-08-08 20:16:02 Image size of job updated: 45689472
	30865  -  MemoryUsage of job (MB)
	31605216  -  ResidentSetSize of job (KB)
...
006 (149034.000.000) 2022-08-08 20:21:02 Image size of job updated: 45983980
	31110  -  MemoryUsage of job (MB)
	31856604  -  ResidentSetSize of job (KB)
...
006 (149034.000.000) 2022-08-08 20:26:02 Image size of job updated: 46553500
	31652  -  MemoryUsage of job (MB)
	32411568  -  ResidentSetSize of job (KB)
...
004 (149034.000.000) 2022-08-10 18:22:40 Job was evicted.
	(0) CPU times
		Usr 0 09:46:08, Sys 0 00:15:02  -  Run Remote Usage
		Usr 0 00:00:00, Sys 0 00:00:00  -  Run Local Usage
	0  -  Run Bytes Sent By Job
	0  -  Run Bytes Received By Job
	Partitionable Resources :    Usage  Request Allocated 
	   Cpus                 :     0.00        1         1 
	   Disk (KB)            :     1           1    873713 
	   Memory (MB)          : 31652           1       100 
...
009 (149034.000.000) 2022-08-10 18:22:41 Job was aborted.
	removed because <OtherJobRemoveRequirements = DAGManJobId =?= 149033> fired when job (149033.0) was removed
...
